<?xml version="1.0" encoding="UTF-8"?>
<!-- Generated by org.testng.reporters.JUnitReportReporter -->
<testsuite skipped="0" hostname="DESKTOP-C1KB7NO" name="com.MyTests.LoginTest" tests="6" failures="0" timestamp="31 Jul 2019 04:12:46 GMT" time="11.447" errors="0">
  <testcase name="verifyLoginpageTitleTest" time="0.024" classname="com.MyTests.LoginTest"/>
  <testcase name="verifyLoginpageTitleTest" time="0.006" classname="com.MyTests.LoginTest"/>
  <testcase name="verifyLoginPageHeaderTest" time="0.036" classname="com.MyTests.LoginTest"/>
  <testcase name="verifyLoginPageHeaderTest" time="0.045" classname="com.MyTests.LoginTest"/>
  <testcase name="doLoginTest" time="5.703" classname="com.MyTests.LoginTest"/>
  <testcase name="doLoginTest" time="5.633" classname="com.MyTests.LoginTest"/>
</testsuite> <!-- com.MyTests.LoginTest -->
