<?xml version="1.0" encoding="UTF-8"?>
<!-- Generated by org.testng.reporters.JUnitReportReporter -->
<testsuite skipped="0" hostname="DESKTOP-C1KB7NO" name="com.MyTests.LoginTest" tests="6" failures="0" timestamp="31 Jul 2019 04:02:35 GMT" time="11.093" errors="0">
  <testcase name="verifyLoginpageTitleTest" time="0.003" classname="com.MyTests.LoginTest"/>
  <testcase name="verifyLoginpageTitleTest" time="0.016" classname="com.MyTests.LoginTest"/>
  <testcase name="verifyLoginPageHeaderTest" time="0.030" classname="com.MyTests.LoginTest"/>
  <testcase name="verifyLoginPageHeaderTest" time="0.026" classname="com.MyTests.LoginTest"/>
  <testcase name="doLoginTest" time="5.567" classname="com.MyTests.LoginTest"/>
  <testcase name="doLoginTest" time="5.451" classname="com.MyTests.LoginTest"/>
</testsuite> <!-- com.MyTests.LoginTest -->
