<?xml version="1.0" encoding="UTF-8"?>
<!-- Generated by org.testng.reporters.JUnitReportReporter -->
<testsuite skipped="0" hostname="DESKTOP-C1KB7NO" name="com.MyTests.LoginTest" tests="6" failures="0" timestamp="04 Aug 2019 04:24:35 GMT" time="11.208" errors="0">
  <testcase name="verifyLoginpageTitleTest" time="0.016" classname="com.MyTests.LoginTest"/>
  <testcase name="verifyLoginpageTitleTest" time="0.004" classname="com.MyTests.LoginTest"/>
  <testcase name="verifyLoginPageHeaderTest" time="0.036" classname="com.MyTests.LoginTest"/>
  <testcase name="verifyLoginPageHeaderTest" time="0.025" classname="com.MyTests.LoginTest"/>
  <testcase name="doLoginTest" time="5.574" classname="com.MyTests.LoginTest"/>
  <testcase name="doLoginTest" time="5.553" classname="com.MyTests.LoginTest"/>
</testsuite> <!-- com.MyTests.LoginTest -->
